1602820118157	geckodriver	INFO	Listening on 127.0.0.1:50862
1602820121235	mozrunner::runner	INFO	Running command: "C:\\Program Files\\Mozilla Firefox\\firefox.exe" "--marionette" "-headless" "-foreground" "-no-remote" "-profile" "C:\\Users\\pedro\\AppData\\Local\\Temp\\rust_mozprofile5PeTUF"
*** You are running in headless mode.
JavaScript error: resource://gre/modules/XULStore.jsm, line 66: Error: Can't find profile directory.
console.error: SearchCache: "_readCacheFile: Error reading cache file:" (new Error("", "(unknown module)"))
1602820122248	Marionette	INFO	Listening on port 50873
1602820122255	Marionette	WARN	TLS certificate errors will be ignored for this session
JavaScript error: , line 0: NS_ERROR_NOT_AVAILABLE
1:50921
1602820290055	mozrunner::runner	INFO	Running command: "C:\\Program Files\\Mozilla Firefox\\firefox.exe" "--marionette" "-headless" "-foreground" "-no-remote" "-profile" "C:\\Users\\pedro\\AppData\\Local\\Temp\\rust_mozprofileHTJaKt"
*** You are running in headless mode.
JavaScript error: resource://gre/modules/XULStore.jsm, line 66: Error: Can't find profile directory.
console.error: SearchCache: "_readCacheFile: Error reading cache file:" (new Error("", "(unknown module)"))
1602820291079	Marionette	INFO	Listening on port 50931
1602820291585	Marionette	WARN	TLS certificate errors will be ignored for this session
JavaScript error: , line 0: NS_ERROR_NOT_AVAILABLE
1:50975
1602820343489	mozrunner::runner	INFO	Running command: "C:\\Program Files\\Mozilla Firefox\\firefox.exe" "--marionette" "-headless" "-foreground" "-no-remote" "-profile" "C:\\Users\\pedro\\AppData\\Local\\Temp\\rust_mozprofilehGLzz5"
*** You are running in headless mode.
JavaScript error: resource://gre/modules/XULStore.jsm, line 66: Error: Can't find profile directory.
console.error: SearchCache: "_readCacheFile: Error reading cache file:" (new Error("", "(unknown module)"))
1602820344566	Marionette	INFO	Listening on port 50983
1602820345020	Marionette	WARN	TLS certificate errors will be ignored for this session
JavaScript error: , line 0: NS_ERROR_NOT_AVAILABLE
1:51032
1602820422059	mozrunner::runner	INFO	Running command: "C:\\Program Files\\Mozilla Firefox\\firefox.exe" "--marionette" "-headless" "-foreground" "-no-remote" "-profile" "C:\\Users\\pedro\\AppData\\Local\\Temp\\rust_mozprofileRx9Ktf"
*** You are running in headless mode.
JavaScript error: resource://gre/modules/XULStore.jsm, line 66: Error: Can't find profile directory.
console.error: SearchCache: "_readCacheFile: Error reading cache file:" (new Error("", "(unknown module)"))
1602820423087	Marionette	INFO	Listening on port 51040
1602820423594	Marionette	WARN	TLS certificate errors will be ignored for this session
JavaScript error: , line 0: NS_ERROR_NOT_AVAILABLE
Exiting due to channel error.
Exiting due to channel error.
"C:\\Program Files\\Mozilla Firefox\\firefox.exe" "--marionette" "-headless" "-foreground" "-no-remote" "-profile" "C:\\Users\\pedro\\AppData\\Local\\Temp\\rust_mozprofilexjvYTq"
*** You are running in headless mode.
JavaScript error: resource://gre/modules/XULStore.jsm, line 66: Error: Can't find profile directory.
console.error: SearchCache: "_readCacheFile: Error reading cache file:" (new Error("", "(unknown module)"))
1602820795033	Marionette	INFO	Listening on port 51110
1602820795461	Marionette	WARN	TLS certificate errors will be ignored for this session
JavaScript error: , line 0: NS_ERROR_NOT_AVAILABLE
Exiting due to channel error.
::runner	INFO	Running command: "C:\\Program Files\\Mozilla Firefox\\firefox.exe" "--marionette" "-headless" "-foreground" "-no-remote" "-profile" "C:\\Users\\pedro\\AppData\\Local\\Temp\\rust_mozprofile0p3mM5"
*** You are running in headless mode.
JavaScript error: resource://gre/modules/XULStore.jsm, line 66: Error: Can't find profile directory.
console.error: SearchCache: "_readCacheFile: Error reading cache file:" (new Error("", "(unknown module)"))
1602820881796	Marionette	INFO	Listening on port 51173
1602820882248	Marionette	WARN	TLS certificate errors will be ignored for this session
JavaScript error: , line 0: NS_ERROR_NOT_AVAILABLE
Exiting due to channel error.
Exiting due to channel error.
"C:\\Program Files\\Mozilla Firefox\\firefox.exe" "--marionette" "-headless" "-foreground" "-no-remote" "-profile" "C:\\Users\\pedro\\AppData\\Local\\Temp\\rust_mozprofiler1Kp5Y"
*** You are running in headless mode.
JavaScript error: resource://gre/modules/XULStore.jsm, line 66: Error: Can't find profile directory.
console.error: SearchCache: "_readCacheFile: Error reading cache file:" (new Error("", "(unknown module)"))
1602820931946	Marionette	INFO	Listening on port 51213
1602820932062	Marionette	WARN	TLS certificate errors will be ignored for this session
JavaScript error: , line 0: NS_ERROR_NOT_AVAILABLE
Exiting due to channel error.
Exiting due to channel error.
"C:\\Program Files\\Mozilla Firefox\\firefox.exe" "--marionette" "-headless" "-foreground" "-no-remote" "-profile" "C:\\Users\\pedro\\AppData\\Local\\Temp\\rust_mozprofileCS6Xax"
*** You are running in headless mode.
JavaScript error: resource://gre/modules/XULStore.jsm, line 66: Error: Can't find profile directory.
console.error: SearchCache: "_readCacheFile: Error reading cache file:" (new Error("", "(unknown module)"))
1602821079547	Marionette	INFO	Listening on port 51260
1602821080054	Marionette	WARN	TLS certificate errors will be ignored for this session
JavaScript error: , line 0: NS_ERROR_NOT_AVAILABLE
Exiting due to channel error.
::runner	INFO	Running command: "C:\\Program Files\\Mozilla Firefox\\firefox.exe" "--marionette" "-headless" "-foreground" "-no-remote" "-profile" "C:\\Users\\pedro\\AppData\\Local\\Temp\\rust_mozprofileWfKOfL"
*** You are running in headless mode.
JavaScript error: resource://gre/modules/XULStore.jsm, line 66: Error: Can't find profile directory.
console.error: SearchCache: "_readCacheFile: Error reading cache file:" (new Error("", "(unknown module)"))
1602821137114	Marionette	INFO	Listening on port 51301
1602821137603	Marionette	WARN	TLS certificate errors will be ignored for this session
Exiting due to channel error.
Exiting due to channel error.
Exiting due to channel error.
NFO	Running command: "C:\\Program Files\\Mozilla Firefox\\firefox.exe" "--marionette" "-headless" "-foreground" "-no-remote" "-profile" "C:\\Users\\pedro\\AppData\\Local\\Temp\\rust_mozprofileTlSIQR"
*** You are running in headless mode.
JavaScript error: resource://gre/modules/XULStore.jsm, line 66: Error: Can't find profile directory.
console.error: SearchCache: "_readCacheFile: Error reading cache file:" (new Error("", "(unknown module)"))
1602821210856	Marionette	INFO	Listening on port 51340
1602821210879	Marionette	WARN	TLS certificate errors will be ignored for this session
Exiting due to channel error.
Listening on 127.0.0.1:51385
1602821412049	mozrunner::runner	INFO	Running command: "C:\\Program Files\\Mozilla Firefox\\firefox.exe" "--marionette" "-headless" "-foreground" "-no-remote" "-profile" "C:\\Users\\pedro\\AppData\\Local\\Temp\\rust_mozprofileHYmSu5"
*** You are running in headless mode.
JavaScript error: resource://gre/modules/XULStore.jsm, line 66: Error: Can't find profile directory.
console.error: SearchCache: "_readCacheFile: Error reading cache file:" (new Error("", "(unknown module)"))
1602821413079	Marionette	INFO	Listening on port 51393
1602821413583	Marionette	WARN	TLS certificate errors will be ignored for this session
Exiting due to channel error.
Listening on 127.0.0.1:51604
1602821907769	mozrunner::runner	INFO	Running command: "C:\\Program Files\\Mozilla Firefox\\firefox.exe" "--marionette" "-headless" "-foreground" "-no-remote" "-profile" "C:\\Users\\pedro\\AppData\\Local\\Temp\\rust_mozprofile00mmIi"
*** You are running in headless mode.
JavaScript error: resource://gre/modules/XULStore.jsm, line 66: Error: Can't find profile directory.
console.error: SearchCache: "_readCacheFile: Error reading cache file:" (new Error("", "(unknown module)"))
1602821908800	Marionette	INFO	Listening on port 51612
1602821908804	Marionette	WARN	TLS certificate errors will be ignored for this session
1607892986491	geckodriver	INFO	Listening on 127.0.0.1:56029
1607892989617	mozrunner::runner	INFO	Running command: "C:\\Program Files\\Mozilla Firefox\\firefox.exe" "--marionette" "-headless" "-foreground" "-no-remote" "-profile" "C:\\Users\\pedro\\AppData\\Local\\Temp\\rust_mozprofilewFtClo"
*** You are running in headless mode.
JavaScript error: resource://gre/modules/XULStore.jsm, line 66: Error: Can't find profile directory.
console.warn: SearchSettings: "get: No settings file exists, new profile?" (new Error("", "(unknown module)"))
1607892990596	Marionette	INFO	Listening on port 56037
1607892990644	Marionette	WARN	TLS certificate errors will be ignored for this session
1607893038176	geckodriver	INFO	Listening on 127.0.0.1:50170
1607893041244	mozrunner::runner	INFO	Running command: "C:\\Program Files\\Mozilla Firefox\\firefox.exe" "--marionette" "-headless" "-foreground" "-no-remote" "-profile" "C:\\Users\\pedro\\AppData\\Local\\Temp\\rust_mozprofilemNg5cT"
*** You are running in headless mode.
JavaScript error: resource://gre/modules/XULStore.jsm, line 66: Error: Can't find profile directory.
console.warn: SearchSettings: "get: No settings file exists, new profile?" (new Error("", "(unknown module)"))
1607893042228	Marionette	INFO	Listening on port 50178
1607893042272	Marionette	WARN	TLS certificate errors will be ignored for this session
1607893151237	geckodriver	INFO	Listening on 127.0.0.1:50229
1607893154309	mozrunner::runner	INFO	Running command: "C:\\Program Files\\Mozilla Firefox\\firefox.exe" "--marionette" "-headless" "-foreground" "-no-remote" "-profile" "C:\\Users\\pedro\\AppData\\Local\\Temp\\rust_mozprofileGhQK57"
*** You are running in headless mode.
JavaScript error: resource://gre/modules/XULStore.jsm, line 66: Error: Can't find profile directory.
console.warn: SearchSettings: "get: No settings file exists, new profile?" (new Error("", "(unknown module)"))
1607893155285	Marionette	INFO	Listening on port 50237
1607893155342	Marionette	WARN	TLS certificate errors will be ignored for this session
1607893237266	geckodriver	INFO	Listening on 127.0.0.1:54960
1607893240357	mozrunner::runner	INFO	Running command: "C:\\Program Files\\Mozilla Firefox\\firefox.exe" "--marionette" "-headless" "-foreground" "-no-remote" "-profile" "C:\\Users\\pedro\\AppData\\Local\\Temp\\rust_mozprofileXM0xk8"
*** You are running in headless mode.
JavaScript error: resource://gre/modules/XULStore.jsm, line 66: Error: Can't find profile directory.
console.warn: SearchSettings: "get: No settings file exists, new profile?" (new Error("", "(unknown module)"))
1607893241348	Marionette	INFO	Listening on port 54968
1607893241392	Marionette	WARN	TLS certificate errors will be ignored for this session
1607893956640	geckodriver	INFO	Listening on 127.0.0.1:49436
1607893959727	mozrunner::runner	INFO	Running command: "C:\\Program Files\\Mozilla Firefox\\firefox.exe" "--marionette" "-headless" "-foreground" "-no-remote" "-profile" "C:\\Users\\pedro\\AppData\\Local\\Temp\\rust_mozprofileriLudQ"
*** You are running in headless mode.
JavaScript error: resource://gre/modules/XULStore.jsm, line 66: Error: Can't find profile directory.
console.warn: SearchSettings: "get: No settings file exists, new profile?" (new Error("", "(unknown module)"))
1607893960729	Marionette	INFO	Listening on port 49444
1607893960758	Marionette	WARN	TLS certificate errors will be ignored for this session
1607893978100	geckodriver	INFO	Listening on 127.0.0.1:51151
1607893981182	mozrunner::runner	INFO	Running command: "C:\\Program Files\\Mozilla Firefox\\firefox.exe" "--marionette" "-headless" "-foreground" "-no-remote" "-profile" "C:\\Users\\pedro\\AppData\\Local\\Temp\\rust_mozprofileXTDGyv"
*** You are running in headless mode.
JavaScript error: resource://gre/modules/XULStore.jsm, line 66: Error: Can't find profile directory.
console.warn: SearchSettings: "get: No settings file exists, new profile?" (new Error("", "(unknown module)"))
1607893982169	Marionette	INFO	Listening on port 51160
1607893982205	Marionette	WARN	TLS certificate errors will be ignored for this session
1607894083254	geckodriver	INFO	Listening on 127.0.0.1:51221
1607894086317	mozrunner::runner	INFO	Running command: "C:\\Program Files\\Mozilla Firefox\\firefox.exe" "--marionette" "-headless" "-foreground" "-no-remote" "-profile" "C:\\Users\\pedro\\AppData\\Local\\Temp\\rust_mozprofilenTP9KA"
*** You are running in headless mode.
JavaScript error: resource://gre/modules/XULStore.jsm, line 66: Error: Can't find profile directory.
console.warn: SearchSettings: "get: No settings file exists, new profile?" (new Error("", "(unknown module)"))
1607894087252	Marionette	INFO	Listening on port 51229
1607894087345	Marionette	WARN	TLS certificate errors will be ignored for this session
1607894105211	geckodriver	INFO	Listening on 127.0.0.1:52731
1607894108298	mozrunner::runner	INFO	Running command: "C:\\Program Files\\Mozilla Firefox\\firefox.exe" "--marionette" "-headless" "-foreground" "-no-remote" "-profile" "C:\\Users\\pedro\\AppData\\Local\\Temp\\rust_mozprofileOjwnmx"
*** You are running in headless mode.
JavaScript error: resource://gre/modules/XULStore.jsm, line 66: Error: Can't find profile directory.
console.warn: SearchSettings: "get: No settings file exists, new profile?" (new Error("", "(unknown module)"))
1607894109260	Marionette	INFO	Listening on port 52739
1607894109322	Marionette	WARN	TLS certificate errors will be ignored for this session
1607894153253	geckodriver	INFO	Listening on 127.0.0.1:52792
1607894156327	mozrunner::runner	INFO	Running command: "C:\\Program Files\\Mozilla Firefox\\firefox.exe" "--marionette" "-headless" "-foreground" "-no-remote" "-profile" "C:\\Users\\pedro\\AppData\\Local\\Temp\\rust_mozprofileEeArda"
*** You are running in headless mode.
JavaScript error: resource://gre/modules/XULStore.jsm, line 66: Error: Can't find profile directory.
console.warn: SearchSettings: "get: No settings file exists, new profile?" (new Error("", "(unknown module)"))
1607894157295	Marionette	INFO	Listening on port 52800
1607894157360	Marionette	WARN	TLS certificate errors will be ignored for this session
1607894173160	geckodriver	INFO	Listening on 127.0.0.1:57890
1607894176237	mozrunner::runner	INFO	Running command: "C:\\Program Files\\Mozilla Firefox\\firefox.exe" "--marionette" "-headless" "-foreground" "-no-remote" "-profile" "C:\\Users\\pedro\\AppData\\Local\\Temp\\rust_mozprofilel1HABm"
*** You are running in headless mode.
JavaScript error: resource://gre/modules/XULStore.jsm, line 66: Error: Can't find profile directory.
console.warn: SearchSettings: "get: No settings file exists, new profile?" (new Error("", "(unknown module)"))
1607894177248	Marionette	INFO	Listening on port 57898
1607894177272	Marionette	WARN	TLS certificate errors will be ignored for this session
1607894758970	geckodriver	INFO	Listening on 127.0.0.1:59532
1607894762045	mozrunner::runner	INFO	Running command: "C:\\Program Files\\Mozilla Firefox\\firefox.exe" "--marionette" "-headless" "-foreground" "-no-remote" "-profile" "C:\\Users\\pedro\\AppData\\Local\\Temp\\rust_mozprofileuge4eq"
*** You are running in headless mode.
JavaScript error: resource://gre/modules/XULStore.jsm, line 66: Error: Can't find profile directory.
console.warn: SearchSettings: "get: No settings file exists, new profile?" (new Error("", "(unknown module)"))
1607894763024	Marionette	INFO	Listening on port 59540
1607894763099	Marionette	WARN	TLS certificate errors will be ignored for this session
1607894825904	geckodriver	INFO	Listening on 127.0.0.1:53362
1607894828942	mozrunner::runner	INFO	Running command: "C:\\Program Files\\Mozilla Firefox\\firefox.exe" "--marionette" "-headless" "-foreground" "-no-remote" "-profile" "C:\\Users\\pedro\\AppData\\Local\\Temp\\rust_mozprofileLFB5zz"
*** You are running in headless mode.
JavaScript error: resource://gre/modules/XULStore.jsm, line 66: Error: Can't find profile directory.
console.warn: SearchSettings: "get: No settings file exists, new profile?" (new Error("", "(unknown module)"))
1607894829973	Marionette	INFO	Listening on port 53372
1607894830471	Marionette	WARN	TLS certificate errors will be ignored for this session
1607894957018	geckodriver	INFO	Listening on 127.0.0.1:60410
1607894960082	mozrunner::runner	INFO	Running command: "C:\\Program Files\\Mozilla Firefox\\firefox.exe" "--marionette" "-headless" "-foreground" "-no-remote" "-profile" "C:\\Users\\pedro\\AppData\\Local\\Temp\\rust_mozprofileK9mB49"
*** You are running in headless mode.
JavaScript error: resource://gre/modules/XULStore.jsm, line 66: Error: Can't find profile directory.
console.warn: SearchSettings: "get: No settings file exists, new profile?" (new Error("", "(unknown module)"))
1607894961047	Marionette	INFO	Listening on port 60418
1607894961110	Marionette	WARN	TLS certificate errors will be ignored for this session
1607895229992	geckodriver	INFO	Listening on 127.0.0.1:49843
1607895233067	mozrunner::runner	INFO	Running command: "C:\\Program Files\\Mozilla Firefox\\firefox.exe" "--marionette" "-headless" "-foreground" "-no-remote" "-profile" "C:\\Users\\pedro\\AppData\\Local\\Temp\\rust_mozprofilehWV67G"
*** You are running in headless mode.
JavaScript error: resource://gre/modules/XULStore.jsm, line 66: Error: Can't find profile directory.
console.warn: SearchSettings: "get: No settings file exists, new profile?" (new Error("", "(unknown module)"))
1607895234031	Marionette	INFO	Listening on port 49853
1607895234100	Marionette	WARN	TLS certificate errors will be ignored for this session
1607895248182	geckodriver	INFO	Listening on 127.0.0.1:55214
1607895251261	mozrunner::runner	INFO	Running command: "C:\\Program Files\\Mozilla Firefox\\firefox.exe" "--marionette" "-headless" "-foreground" "-no-remote" "-profile" "C:\\Users\\pedro\\AppData\\Local\\Temp\\rust_mozprofilez0BT9p"
*** You are running in headless mode.
JavaScript error: resource://gre/modules/XULStore.jsm, line 66: Error: Can't find profile directory.
console.warn: SearchSettings: "get: No settings file exists, new profile?" (new Error("", "(unknown module)"))
1607895252298	Marionette	INFO	Listening on port 55225
1607895252792	Marionette	WARN	TLS certificate errors will be ignored for this session
1607895301542	geckodriver	INFO	Listening on 127.0.0.1:55291
1607895304605	mozrunner::runner	INFO	Running command: "C:\\Program Files\\Mozilla Firefox\\firefox.exe" "--marionette" "-headless" "-foreground" "-no-remote" "-profile" "C:\\Users\\pedro\\AppData\\Local\\Temp\\rust_mozprofileU2AtdU"
*** You are running in headless mode.
JavaScript error: resource://gre/modules/XULStore.jsm, line 66: Error: Can't find profile directory.
console.warn: SearchSettings: "get: No settings file exists, new profile?" (new Error("", "(unknown module)"))
1607895305579	Marionette	INFO	Listening on port 55300
1607895305636	Marionette	WARN	TLS certificate errors will be ignored for this session
1607895420040	geckodriver	INFO	Listening on 127.0.0.1:64212
1607895423119	mozrunner::runner	INFO	Running command: "C:\\Program Files\\Mozilla Firefox\\firefox.exe" "--marionette" "-headless" "-foreground" "-no-remote" "-profile" "C:\\Users\\pedro\\AppData\\Local\\Temp\\rust_mozprofilejDQhGh"
*** You are running in headless mode.
JavaScript error: resource://gre/modules/XULStore.jsm, line 66: Error: Can't find profile directory.
console.warn: SearchSettings: "get: No settings file exists, new profile?" (new Error("", "(unknown module)"))
1607895424093	Marionette	INFO	Listening on port 64220
1607895424190	Marionette	WARN	TLS certificate errors will be ignored for this session
